<?xml version="1.0" encoding="UTF-8"?>
<testsuite xmlns:xsi="http://www.w3.org/2001/XMLSchema-instance" xsi:noNamespaceSchemaLocation="https://maven.apache.org/surefire/maven-surefire-plugin/xsd/surefire-test-report-3.0.xsd" version="3.0" name="com.testprint360.api_gateway.ApiGatewayApplicationTests" time="9.305" tests="1" errors="0" skipped="0" failures="0">
  <properties>
[...]
</properties>
  <testcase name="contextLoads" classname="com.testprint360.api_gateway.ApiGatewayApplicationTests" time="5.789">
    <system-out><![CDATA[14:03:06.857 [main] INFO org.springframework.test.context.support.AnnotationConfigContextLoaderUtils -- Could not detect default configuration classes for test class [com.testprint360.api_gateway.ApiGatewayApplicationTests]: ApiGatewayApplicationTests does not declare any static, non-private, non-final, nested classes annotated with @Configuration.
14:03:06.950 [main] INFO org.springframework.boot.test.context.SpringBootTestContextBootstrapper -- Found @SpringBootConfiguration com.testprint360.api_gateway.ApiGatewayApplication for test class com.testprint360.api_gateway.ApiGatewayApplicationTests

  .   ____          _            __ _ _
 /\\ / ___'_ __ _ _(_)_ __  __ _ \ \ \ \
( ( )\___ | '_ | '_| | '_ \/ _` | \ \ \ \
 \\/  ___)| |_)| | | | | || (_| |  ) ) ) )
  '  |____| .__|_| |_|_| |_\__, | / / / /
 =========|_|==============|___/=/_/_/_/

 :: Spring Boot ::                (v3.3.1)

2024-10-15T14:03:07.809+06:00  INFO 10812 --- [api-gateway] [           main] c.t.a.ApiGatewayApplicationTests         : Starting ApiGatewayApplicationTests using Java 17.0.10 with PID 10812 (started by NSL in E:\TS360\api-gateway)
2024-10-15T14:03:07.811+06:00  INFO 10812 --- [api-gateway] [           main] c.t.a.ApiGatewayApplicationTests         : No active profile set, falling back to 1 default profile: "default"
2024-10-15T14:03:08.387+06:00  INFO 10812 --- [api-gateway] [           main] .s.d.r.c.RepositoryConfigurationDelegate : Multiple Spring Data modules found, entering strict repository configuration mode
2024-10-15T14:03:08.390+06:00  INFO 10812 --- [api-gateway] [           main] .s.d.r.c.RepositoryConfigurationDelegate : Bootstrapping Spring Data Redis repositories in DEFAULT mode.
2024-10-15T14:03:08.419+06:00  INFO 10812 --- [api-gateway] [           main] .s.d.r.c.RepositoryConfigurationDelegate : Finished Spring Data repository scanning in 15 ms. Found 0 Redis repository interfaces.
2024-10-15T14:03:08.636+06:00  INFO 10812 --- [api-gateway] [           main] o.s.cloud.context.scope.GenericScope     : BeanFactory id=5742a9da-e7df-3660-a154-94bac8271bca
Web Client initializing....
JWT Authentication Filter
2024-10-15T14:03:09.691+06:00 DEBUG 10812 --- [api-gateway] [           main] o.s.c.gateway.config.GatewayProperties   : Routes supplied from Gateway Properties: [RouteDefinition{id='subscription-public-route', predicates=[PredicateDefinition{name='Path', args={_genkey_0=/subscription/*/public/**}}], filters=[], uri=http://localhost:9096, order=0, metadata={}}, RouteDefinition{id='subscription-route', predicates=[PredicateDefinition{name='Path', args={_genkey_0=/subscription/**}}], filters=[FilterDefinition{name='JwtAuthenticationFilter', args={configProperty=JwtAuthenticationFilter.Config()}}], uri=http://localhost:9096, order=0, metadata={}}, RouteDefinition{id='config-processing-public-route', predicates=[PredicateDefinition{name='Path', args={_genkey_0=/conf-processing/*/public/**}}], filters=[], uri=http://54.234.240.70:8085, order=0, metadata={}}, RouteDefinition{id='config-processing-route', predicates=[PredicateDefinition{name='Path', args={_genkey_0=/conf-processing/**}}], filters=[], uri=http://54.234.240.70:8085, order=0, metadata={}}]
2024-10-15T14:03:09.766+06:00  INFO 10812 --- [api-gateway] [           main] o.s.c.g.r.RouteDefinitionRouteLocator    : Loaded RoutePredicateFactory [After]
2024-10-15T14:03:09.767+06:00  INFO 10812 --- [api-gateway] [           main] o.s.c.g.r.RouteDefinitionRouteLocator    : Loaded RoutePredicateFactory [Before]
2024-10-15T14:03:09.767+06:00  INFO 10812 --- [api-gateway] [           main] o.s.c.g.r.RouteDefinitionRouteLocator    : Loaded RoutePredicateFactory [Between]
2024-10-15T14:03:09.767+06:00  INFO 10812 --- [api-gateway] [           main] o.s.c.g.r.RouteDefinitionRouteLocator    : Loaded RoutePredicateFactory [Cookie]
2024-10-15T14:03:09.767+06:00  INFO 10812 --- [api-gateway] [           main] o.s.c.g.r.RouteDefinitionRouteLocator    : Loaded RoutePredicateFactory [Header]
2024-10-15T14:03:09.767+06:00  INFO 10812 --- [api-gateway] [           main] o.s.c.g.r.RouteDefinitionRouteLocator    : Loaded RoutePredicateFactory [Host]
2024-10-15T14:03:09.767+06:00  INFO 10812 --- [api-gateway] [           main] o.s.c.g.r.RouteDefinitionRouteLocator    : Loaded RoutePredicateFactory [Method]
2024-10-15T14:03:09.767+06:00  INFO 10812 --- [api-gateway] [           main] o.s.c.g.r.RouteDefinitionRouteLocator    : Loaded RoutePredicateFactory [Path]
2024-10-15T14:03:09.767+06:00  INFO 10812 --- [api-gateway] [           main] o.s.c.g.r.RouteDefinitionRouteLocator    : Loaded RoutePredicateFactory [Query]
2024-10-15T14:03:09.767+06:00  INFO 10812 --- [api-gateway] [           main] o.s.c.g.r.RouteDefinitionRouteLocator    : Loaded RoutePredicateFactory [ReadBody]
2024-10-15T14:03:09.767+06:00  INFO 10812 --- [api-gateway] [           main] o.s.c.g.r.RouteDefinitionRouteLocator    : Loaded RoutePredicateFactory [RemoteAddr]
2024-10-15T14:03:09.768+06:00  INFO 10812 --- [api-gateway] [           main] o.s.c.g.r.RouteDefinitionRouteLocator    : Loaded RoutePredicateFactory [XForwardedRemoteAddr]
2024-10-15T14:03:09.768+06:00  INFO 10812 --- [api-gateway] [           main] o.s.c.g.r.RouteDefinitionRouteLocator    : Loaded RoutePredicateFactory [Weight]
2024-10-15T14:03:09.768+06:00  INFO 10812 --- [api-gateway] [           main] o.s.c.g.r.RouteDefinitionRouteLocator    : Loaded RoutePredicateFactory [CloudFoundryRouteService]
2024-10-15T14:03:09.961+06:00  INFO 10812 --- [api-gateway] [           main] ctiveUserDetailsServiceAutoConfiguration : 

Using generated security password: fec85541-4ea4-4ebf-899f-553ba94e0805

2024-10-15T14:03:10.167+06:00 DEBUG 10812 --- [api-gateway] [           main] o.s.c.g.r.RouteDefinitionRouteLocator    : RouteDefinition subscription-public-route applying {_genkey_0=/subscription/*/public/**} to Path
2024-10-15T14:03:10.185+06:00 DEBUG 10812 --- [api-gateway] [           main] o.s.c.g.r.RouteDefinitionRouteLocator    : RouteDefinition matched: subscription-public-route
2024-10-15T14:03:10.186+06:00 DEBUG 10812 --- [api-gateway] [           main] o.s.c.g.r.RouteDefinitionRouteLocator    : RouteDefinition subscription-route applying {_genkey_0=/subscription/**} to Path
2024-10-15T14:03:10.188+06:00 DEBUG 10812 --- [api-gateway] [           main] o.s.c.g.r.RouteDefinitionRouteLocator    : RouteDefinition subscription-route applying filter {configProperty=JwtAuthenticationFilter.Config()} to JwtAuthenticationFilter
JWT Authentication filter ...
2024-10-15T14:03:10.191+06:00 DEBUG 10812 --- [api-gateway] [           main] o.s.c.g.r.RouteDefinitionRouteLocator    : RouteDefinition matched: subscription-route
2024-10-15T14:03:10.191+06:00 DEBUG 10812 --- [api-gateway] [           main] o.s.c.g.r.RouteDefinitionRouteLocator    : RouteDefinition config-processing-public-route applying {_genkey_0=/conf-processing/*/public/**} to Path
2024-10-15T14:03:10.192+06:00 DEBUG 10812 --- [api-gateway] [           main] o.s.c.g.r.RouteDefinitionRouteLocator    : RouteDefinition matched: config-processing-public-route
2024-10-15T14:03:10.192+06:00 DEBUG 10812 --- [api-gateway] [           main] o.s.c.g.r.RouteDefinitionRouteLocator    : RouteDefinition config-processing-route applying {_genkey_0=/conf-processing/**} to Path
2024-10-15T14:03:10.193+06:00 DEBUG 10812 --- [api-gateway] [           main] o.s.c.g.r.RouteDefinitionRouteLocator    : RouteDefinition matched: config-processing-route
2024-10-15T14:03:10.200+06:00  INFO 10812 --- [api-gateway] [           main] c.t.a.ApiGatewayApplicationTests         : Started ApiGatewayApplicationTests in 2.794 seconds (process running for 4.021)
http://localhost:9096/subscription/user/username/admin
]]></system-out>
  </testcase>
</testsuite>